<!DOCTYPE html PUBLIC "-//W3C//DTD XHTML 1.1//EN" "http://www.w3.org/TR/xhtml11/DTD/xhtml11.dtd">
<html xmlns="http://www.w3.org/1999/xhtml">
<head>
<meta http-equiv="content-type" content="text/html; charset=UTF-8"/>
<title>TestNG Report</title>
<style type="text/css">table {margin-bottom:10px;border-collapse:collapse;empty-cells:show}th,td {border:1px solid #009;padding:.25em .5em}th {vertical-align:bottom}td {vertical-align:top}table a {font-weight:bold}.stripe td {background-color: #E6EBF9}.num {text-align:right}.passedodd td {background-color: #3F3}.passedeven td {background-color: #0A0}.skippedodd td {background-color: #DDD}.skippedeven td {background-color: #CCC}.failedodd td,.attn {background-color: #F33}.failedeven td,.stripe .attn {background-color: #D00}.stacktrace {white-space:pre;font-family:monospace}.totop {font-size:85%;text-align:center;border-bottom:2px solid #000}.invisible {display:none}</style>
</head>
<body>
<table>
<tr><th>Test</th><th># Passed</th><th># Skipped</th><th># Failed</th><th>Time (ms)</th><th>Included Groups</th><th>Excluded Groups</th></tr>
<tr><th colspan="7">Cmas_360_Agent</th></tr>
<tr><td><a href="#t0">ValidInputsToCreateNewCompany</a></td><td class="num">1</td><td class="num">0</td><td class="num">0</td><td class="num">32,374</td><td></td><td></td></tr>
<tr class="stripe"><td><a href="#t1">InvalidInputsToCreateNewCompany</a></td><td class="num">0</td><td class="num">0</td><td class="num attn">1</td><td class="num">14,788</td><td></td><td></td></tr>
<tr><td><a href="#t2">GivenValidInputsToCancel</a></td><td class="num">1</td><td class="num">0</td><td class="num">0</td><td class="num">14,343</td><td></td><td></td></tr>
<tr class="stripe"><td><a href="#t3">GivenInvalidInputsToCancel</a></td><td class="num">1</td><td class="num">0</td><td class="num">0</td><td class="num">15,469</td><td></td><td></td></tr>
<tr><td><a href="#t4">EmptyValidationToSave</a></td><td class="num">0</td><td class="num">0</td><td class="num attn">1</td><td class="num">41,465</td><td></td><td></td></tr>
<tr class="stripe"><td><a href="#t5">illegelValidationToSave</a></td><td class="num">1</td><td class="num">0</td><td class="num">0</td><td class="num">13,834</td><td></td><td></td></tr>
<tr><td><a href="#t6">emptyValidationToCancel</a></td><td class="num">0</td><td class="num">0</td><td class="num attn">1</td><td class="num">45,503</td><td></td><td></td></tr>
<tr><th>Total</th><th class="num">4</th><th class="num">0</th><th class="num attn">3</th><th class="num">177,776</th><th colspan="2"></th></tr>
</table>
<table id='summary'><thead><tr><th>Class</th><th>Method</th><th>Start</th><th>Time (ms)</th></tr></thead><tbody><tr><th colspan="4">Cmas_360_Agent</th></tr></tbody><tbody id="t0"><tr><th colspan="4">ValidInputsToCreateNewCompany &#8212; passed</th></tr><tr class="passedeven"><td rowspan="1">testCases.TC_001</td><td><a href="#m0">login</a></td><td rowspan="1">1604920616076</td><td rowspan="1">32344</td></tr></tbody>
<tbody id="t1"><tr><th colspan="4">InvalidInputsToCreateNewCompany &#8212; failed</th></tr><tr class="failedeven"><td rowspan="1">testCases.TC_002</td><td><a href="#m1">failedtest</a></td><td rowspan="1">1604920648467</td><td rowspan="1">13502</td></tr></tbody>
<tbody id="t2"><tr><th colspan="4">GivenValidInputsToCancel &#8212; passed</th></tr><tr class="passedeven"><td rowspan="1">testCases.TC_003</td><td><a href="#m2">ValidCancel</a></td><td rowspan="1">1604920663255</td><td rowspan="1">14343</td></tr></tbody>
<tbody id="t3"><tr><th colspan="4">GivenInvalidInputsToCancel &#8212; passed</th></tr><tr class="passedeven"><td rowspan="1">testCases.TC_004</td><td><a href="#m3">InvalidCancel</a></td><td rowspan="1">1604920677629</td><td rowspan="1">15453</td></tr></tbody>
<tbody id="t4"><tr><th colspan="4">EmptyValidationToSave &#8212; failed</th></tr><tr class="failedeven"><td rowspan="1">testCases.TC_005</td><td><a href="#m4">EmptyValidationToSave</a></td><td rowspan="1">1604920693120</td><td rowspan="1">40254</td></tr></tbody>
<tbody id="t5"><tr><th colspan="4">illegelValidationToSave &#8212; passed</th></tr><tr class="passedeven"><td rowspan="1">testCases.TC_006</td><td><a href="#m5">illegelValidationToSave</a></td><td rowspan="1">1604920734600</td><td rowspan="1">13819</td></tr></tbody>
<tbody id="t6"><tr><th colspan="4">emptyValidationToCancel &#8212; failed</th></tr><tr class="failedeven"><td rowspan="1">testCases.TC_007</td><td><a href="#m6">emptyValidationToCancel</a></td><td rowspan="1">1604920748419</td><td rowspan="1">44033</td></tr></tbody>
</table>
<h2>ValidInputsToCreateNewCompany</h2><h3 id="m0">testCases.TC_001#login</h3><table class="result"><tr><th class="invisible"/></tr></table><p class="totop"><a href="#summary">back to summary</a></p>
<h2>InvalidInputsToCreateNewCompany</h2><h3 id="m1">testCases.TC_002#failedtest</h3><table class="result"><tr><th>Exception</th></tr><tr><td><div class="stacktrace">java.lang.AssertionError: expected [nd soft] but found [Rnd soft]
	at testCases.TC_002.failedtest(TC_002.java:68)
... Removed 31 stack frames</div></td></tr></table><p class="totop"><a href="#summary">back to summary</a></p>
<h2>GivenValidInputsToCancel</h2><h3 id="m2">testCases.TC_003#ValidCancel</h3><table class="result"><tr><th class="invisible"/></tr></table><p class="totop"><a href="#summary">back to summary</a></p>
<h2>GivenInvalidInputsToCancel</h2><h3 id="m3">testCases.TC_004#InvalidCancel</h3><table class="result"><tr><th class="invisible"/></tr></table><p class="totop"><a href="#summary">back to summary</a></p>
<h2>EmptyValidationToSave</h2><h3 id="m4">testCases.TC_005#EmptyValidationToSave</h3><table class="result"><tr><th>Exception</th></tr><tr><td><div class="stacktrace">org.openqa.selenium.NoSuchElementException: no such element: Unable to locate element: {&quot;method&quot;:&quot;xpath&quot;,&quot;selector&quot;:&quot;/html/body/div[7]/div[7]/div/button&quot;}
  (Session info: chrome=86.0.4240.183)
For documentation on this error, please visit: https://www.seleniumhq.org/exceptions/no_such_element.html
Build info: version: &apos;3.141.59&apos;, revision: &apos;e82be7d358&apos;, time: &apos;2018-11-14T08:25:48&apos;
System info: host: &apos;CP1059&apos;, ip: &apos;192.168.43.116&apos;, os.name: &apos;Windows 10&apos;, os.arch: &apos;amd64&apos;, os.version: &apos;10.0&apos;, java.version: &apos;1.8.0_261&apos;
Driver info: org.openqa.selenium.chrome.ChromeDriver
Capabilities {acceptInsecureCerts: false, browserName: chrome, browserVersion: 86.0.4240.183, chrome: {chromedriverVersion: 85.0.4183.87 (cd6713ebf92fa..., userDataDir: C:\Users\RNDSOF~1\AppData\L...}, goog:chromeOptions: {debuggerAddress: localhost:57074}, javascriptEnabled: true, networkConnectionEnabled: false, pageLoadStrategy: normal, platform: WINDOWS, platformName: WINDOWS, proxy: Proxy(), setWindowRect: true, strictFileInteractability: false, timeouts: {implicit: 0, pageLoad: 300000, script: 30000}, unhandledPromptBehavior: dismiss and notify, webauthn:virtualAuthenticators: true}
Session ID: d08b2a8e84662116a917e1d0409f4c2f
*** Element info: {Using=xpath, value=/html/body/div[7]/div[7]/div/button}
	at org.openqa.selenium.remote.http.W3CHttpResponseCodec.createException(W3CHttpResponseCodec.java:187)
	at org.openqa.selenium.remote.http.W3CHttpResponseCodec.decode(W3CHttpResponseCodec.java:122)
	at org.openqa.selenium.remote.http.W3CHttpResponseCodec.decode(W3CHttpResponseCodec.java:49)
	at org.openqa.selenium.remote.HttpCommandExecutor.execute(HttpCommandExecutor.java:158)
	at org.openqa.selenium.remote.service.DriverCommandExecutor.execute(DriverCommandExecutor.java:83)
	at org.openqa.selenium.remote.RemoteWebDriver.execute(RemoteWebDriver.java:552)
	at org.openqa.selenium.remote.RemoteWebDriver.findElement(RemoteWebDriver.java:323)
	at org.openqa.selenium.remote.RemoteWebDriver.findElementByXPath(RemoteWebDriver.java:428)
	at org.openqa.selenium.By$ByXPath.findElement(By.java:353)
	at org.openqa.selenium.remote.RemoteWebDriver.findElement(RemoteWebDriver.java:315)
	at org.openqa.selenium.support.pagefactory.DefaultElementLocator.findElement(DefaultElementLocator.java:69)
	at org.openqa.selenium.support.pagefactory.internal.LocatingElementHandler.invoke(LocatingElementHandler.java:38)
	at com.sun.proxy.$Proxy10.click(Unknown Source)
	at testCases.TC_005.EmptyValidationToSave(TC_005.java:52)
... Removed 29 stack frames</div></td></tr></table><p class="totop"><a href="#summary">back to summary</a></p>
<h2>illegelValidationToSave</h2><h3 id="m5">testCases.TC_006#illegelValidationToSave</h3><table class="result"><tr><th class="invisible"/></tr></table><p class="totop"><a href="#summary">back to summary</a></p>
<h2>emptyValidationToCancel</h2><h3 id="m6">testCases.TC_007#emptyValidationToCancel</h3><table class="result"><tr><th>Exception</th></tr><tr><td><div class="stacktrace">org.openqa.selenium.NoSuchElementException: no such element: Unable to locate element: {&quot;method&quot;:&quot;xpath&quot;,&quot;selector&quot;:&quot;//*[@id=&apos;tblcompany&apos;]/tbody/tr[*]/td[text()=&apos;&apos;]&quot;}
  (Session info: chrome=86.0.4240.183)
For documentation on this error, please visit: https://www.seleniumhq.org/exceptions/no_such_element.html
Build info: version: &apos;3.141.59&apos;, revision: &apos;e82be7d358&apos;, time: &apos;2018-11-14T08:25:48&apos;
System info: host: &apos;CP1059&apos;, ip: &apos;192.168.43.116&apos;, os.name: &apos;Windows 10&apos;, os.arch: &apos;amd64&apos;, os.version: &apos;10.0&apos;, java.version: &apos;1.8.0_261&apos;
Driver info: org.openqa.selenium.chrome.ChromeDriver
Capabilities {acceptInsecureCerts: false, browserName: chrome, browserVersion: 86.0.4240.183, chrome: {chromedriverVersion: 85.0.4183.87 (cd6713ebf92fa..., userDataDir: C:\Users\RNDSOF~1\AppData\L...}, goog:chromeOptions: {debuggerAddress: localhost:57074}, javascriptEnabled: true, networkConnectionEnabled: false, pageLoadStrategy: normal, platform: WINDOWS, platformName: WINDOWS, proxy: Proxy(), setWindowRect: true, strictFileInteractability: false, timeouts: {implicit: 0, pageLoad: 300000, script: 30000}, unhandledPromptBehavior: dismiss and notify, webauthn:virtualAuthenticators: true}
Session ID: d08b2a8e84662116a917e1d0409f4c2f
*** Element info: {Using=xpath, value=//*[@id=&apos;tblcompany&apos;]/tbody/tr[*]/td[text()=&apos;&apos;]}
	at org.openqa.selenium.remote.http.W3CHttpResponseCodec.createException(W3CHttpResponseCodec.java:187)
	at org.openqa.selenium.remote.http.W3CHttpResponseCodec.decode(W3CHttpResponseCodec.java:122)
	at org.openqa.selenium.remote.http.W3CHttpResponseCodec.decode(W3CHttpResponseCodec.java:49)
	at org.openqa.selenium.remote.HttpCommandExecutor.execute(HttpCommandExecutor.java:158)
	at org.openqa.selenium.remote.service.DriverCommandExecutor.execute(DriverCommandExecutor.java:83)
	at org.openqa.selenium.remote.RemoteWebDriver.execute(RemoteWebDriver.java:552)
	at org.openqa.selenium.remote.RemoteWebDriver.findElement(RemoteWebDriver.java:323)
	at org.openqa.selenium.remote.RemoteWebDriver.findElementByXPath(RemoteWebDriver.java:428)
	at org.openqa.selenium.By$ByXPath.findElement(By.java:353)
	at org.openqa.selenium.remote.RemoteWebDriver.findElement(RemoteWebDriver.java:315)
	at testCases.TC_007.emptyValidationToCancel(TC_007.java:51)
... Removed 29 stack frames</div></td></tr></table><p class="totop"><a href="#summary">back to summary</a></p>
</body>
</html>
